# JRE version: OpenJDK Runtime Environment Temurin-21.0.11+10 (21.0.11+10) (build 21.0.11+10-LTS)
# Java VM: OpenJDK 64-Bit Server VM Temurin-21.0.11+10 (21.0.11+10-LTS, mixed mode, sharing, tiered, compressed oops, compressed class ptrs, parallel gc, windows-amd64)
GC Precious Log:
 CardTable entry size: 512
 CPUs: 4 total, 4 available
 Memory: 16382M
 Large Page Support: Disabled
 NUMA Support: Disabled
 Compressed Oops: Enabled (32-bit)
 Alignments: Space 512K, Generation 512K, Heap 2M
 Heap Min Capacity: 100M
 Heap Initial Capacity: 100M
 Heap Max Capacity: 2G
 Pre-touch: Disabled
 Parallel Workers: 4
Heap:
 PSYoungGen      total 2560K, used 2012K [0x00000000d5580000, 0x00000000d5980000, 0x0000000100000000)
  eden space 2048K, 74% used [0x00000000d5580000,0x00000000d56fcd00,0x00000000d5780000)
  from space 512K, 95% used [0x00000000d5900000,0x00000000d597a4a8,0x00000000d5980000)
  to   space 1024K, 0% used [0x00000000d5780000,0x00000000d5780000,0x00000000d5880000)
 ParOldGen       total 1255424K, used 1254965K [0x0000000080000000, 0x00000000cca00000, 0x00000000d5580000)
  object space 1255424K, 99% used [0x0000000080000000,0x00000000cc98d760,0x00000000cca00000)
 Metaspace       used 108598K, committed 110528K, reserved 1179648K
  class space    used 10515K, committed 11456K, reserved 1048576K
GC Heap History (20 events):
Event: 76063.446 GC heap before
{Heap before GC invocations=13304 (full 21):
 PSYoungGen      total 2560K, used 2542K [0x00000000d5580000, 0x00000000d5c00000, 0x0000000100000000)
  eden space 2048K, 100% used [0x00000000d5580000,0x00000000d5780000,0x00000000d5780000)
  from space 512K, 96% used [0x00000000d5980000,0x00000000d59fbae0,0x00000000d5a00000)
  to   space 2048K, 0% used [0x00000000d5780000,0x00000000d5780000,0x00000000d5980000)
 ParOldGen       total 1246208K, used 1246007K [0x0000000080000000, 0x00000000cc100000, 0x00000000d5580000)
  object space 1246208K, 99% used [0x0000000080000000,0x00000000cc0cdd70,0x00000000cc100000)
 Metaspace       used 108598K, committed 110528K, reserved 1179648K
  class space    used 10515K, committed 11456K, reserved 1048576K
}
Event: 76063.453 GC heap after
{Heap after GC invocations=13304 (full 21):
 PSYoungGen      total 4096K, used 1878K [0x00000000d5580000, 0x00000000d5b80000, 0x0000000100000000)
  eden space 2048K, 0% used [0x00000000d5580000,0x00000000d5580000,0x00000000d5780000)
  from space 2048K, 91% used [0x00000000d5780000,0x00000000d5955b78,0x00000000d5980000)
  to   space 2048K, 0% used [0x00000000d5980000,0x00000000d5980000,0x00000000d5b80000)
 ParOldGen       total 1246720K, used 1246503K [0x0000000080000000, 0x00000000cc180000, 0x00000000d5580000)
  object space 1246720K, 99% used [0x0000000080000000,0x00000000cc149d38,0x00000000cc180000)
 Metaspace       used 108598K, committed 110528K, reserved 1179648K
  class space    used 10515K, committed 11456K, reserved 1048576K
}
Event: 76063.977 GC heap before
{Heap before GC invocations=13305 (full 21):
 PSYoungGen      total 4096K, used 3926K [0x00000000d5580000, 0x00000000d5b80000, 0x0000000100000000)
  eden space 2048K, 100% used [0x00000000d5580000,0x00000000d5780000,0x00000000d5780000)
  from space 2048K, 91% used [0x00000000d5780000,0x00000000d5955b78,0x00000000d5980000)
  to   space 2048K, 0% used [0x00000000d5980000,0x00000000d5980000,0x00000000d5b80000)
 ParOldGen       total 1246720K, used 1246503K [0x0000000080000000, 0x00000000cc180000, 0x00000000d5580000)
  object space 1246720K, 99% used [0x0000000080000000,0x00000000cc149d38,0x00000000cc180000)
 Metaspace       used 108598K, committed 110528K, reserved 1179648K
  class space    used 10515K, committed 11456K, reserved 1048576K
}
Event: 76063.989 GC heap after
{Heap after GC invocations=13305 (full 21):
 PSYoungGen      total 4096K, used 1829K [0x00000000d5580000, 0x00000000d5b80000, 0x0000000100000000)
  eden space 2048K, 0% used [0x00000000d5580000,0x00000000d5580000,0x00000000d5780000)
  from space 2048K, 89% used [0x00000000d5980000,0x00000000d5b49648,0x00000000d5b80000)
  to   space 2048K, 0% used [0x00000000d5780000,0x00000000d5780000,0x00000000d5980000)
 ParOldGen       total 1248768K, used 1248304K [0x0000000080000000, 0x00000000cc380000, 0x00000000d5580000)
  object space 1248768K, 99% used [0x0000000080000000,0x00000000cc30c3b0,0x00000000cc380000)
 Metaspace       used 108598K, committed 110528K, reserved 1179648K
  class space    used 10515K, committed 11456K, reserved 1048576K
}
Event: 76065.042 GC heap before
{Heap before GC invocations=13306 (full 21):
 PSYoungGen      total 4096K, used 3853K [0x00000000d5580000, 0x00000000d5b80000, 0x0000000100000000)
  eden space 2048K, 98% used [0x00000000d5580000,0x00000000d5779e18,0x00000000d5780000)
  from space 2048K, 89% used [0x00000000d5980000,0x00000000d5b49648,0x00000000d5b80000)
  to   space 2048K, 0% used [0x00000000d5780000,0x00000000d5780000,0x00000000d5980000)
 ParOldGen       total 1248768K, used 1248304K [0x0000000080000000, 0x00000000cc380000, 0x00000000d5580000)
  object space 1248768K, 99% used [0x0000000080000000,0x00000000cc30c3b0,0x00000000cc380000)
 Metaspace       used 108598K, committed 110528K, reserved 1179648K
  class space    used 10515K, committed 11456K, reserved 1048576K
}
Event: 76065.049 GC heap after
{Heap after GC invocations=13306 (full 21):
 PSYoungGen      total 4096K, used 1741K [0x00000000d5580000, 0x00000000d5b80000, 0x0000000100000000)
  eden space 2048K, 0% used [0x00000000d5580000,0x00000000d5580000,0x00000000d5780000)
  from space 2048K, 85% used [0x00000000d5780000,0x00000000d5933638,0x00000000d5980000)
  to   space 2048K, 0% used [0x00000000d5980000,0x00000000d5980000,0x00000000d5b80000)
 ParOldGen       total 1250304K, used 1250039K [0x0000000080000000, 0x00000000cc500000, 0x00000000d5580000)
  object space 1250304K, 99% used [0x0000000080000000,0x00000000cc4bdeb8,0x00000000cc500000)
 Metaspace       used 108598K, committed 110528K, reserved 1179648K
  class space    used 10515K, committed 11456K, reserved 1048576K
}
Event: 76065.593 GC heap before
{Heap before GC invocations=13307 (full 21):
 PSYoungGen      total 4096K, used 3731K [0x00000000d5580000, 0x00000000d5b80000, 0x0000000100000000)
  eden space 2048K, 97% used [0x00000000d5580000,0x00000000d57717c8,0x00000000d5780000)
  from space 2048K, 85% used [0x00000000d5780000,0x00000000d5933638,0x00000000d5980000)
  to   space 2048K, 0% used [0x00000000d5980000,0x00000000d5980000,0x00000000d5b80000)
 ParOldGen       total 1250304K, used 1250039K [0x0000000080000000, 0x00000000cc500000, 0x00000000d5580000)
  object space 1250304K, 99% used [0x0000000080000000,0x00000000cc4bdeb8,0x00000000cc500000)
 Metaspace       used 108598K, committed 110528K, reserved 1179648K
  class space    used 10515K, committed 11456K, reserved 1048576K
}
Event: 76065.600 GC heap after
{Heap after GC invocations=13307 (full 21):
 PSYoungGen      total 4096K, used 1864K [0x00000000d5580000, 0x00000000d5b80000, 0x0000000100000000)
  eden space 2048K, 0% used [0x00000000d5580000,0x00000000d5580000,0x00000000d5780000)
  from space 2048K, 91% used [0x00000000d5980000,0x00000000d5b52078,0x00000000d5b80000)
  to   space 2048K, 0% used [0x00000000d5780000,0x00000000d5780000,0x00000000d5980000)
 ParOldGen       total 1251840K, used 1251699K [0x0000000080000000, 0x00000000cc680000, 0x00000000d5580000)
  object space 1251840K, 99% used [0x0000000080000000,0x00000000cc65cec8,0x00000000cc680000)
 Metaspace       used 108598K, committed 110528K, reserved 1179648K
  class space    used 10515K, committed 11456K, reserved 1048576K
}
Event: 76066.704 GC heap before
{Heap before GC invocations=13308 (full 21):
 PSYoungGen      total 4096K, used 3904K [0x00000000d5580000, 0x00000000d5b80000, 0x0000000100000000)
  eden space 2048K, 99% used [0x00000000d5580000,0x00000000d577dff8,0x00000000d5780000)
  from space 2048K, 91% used [0x00000000d5980000,0x00000000d5b52078,0x00000000d5b80000)
  to   space 2048K, 0% used [0x00000000d5780000,0x00000000d5780000,0x00000000d5980000)
 ParOldGen       total 1251840K, used 1251699K [0x0000000080000000, 0x00000000cc680000, 0x00000000d5580000)
  object space 1251840K, 99% used [0x0000000080000000,0x00000000cc65cec8,0x00000000cc680000)
 Metaspace       used 108598K, committed 110528K, reserved 1179648K
  class space    used 10515K, committed 11456K, reserved 1048576K
}
Event: 76066.717 GC heap after
{Heap after GC invocations=13308 (full 21):
 PSYoungGen      total 3072K, used 882K [0x00000000d5580000, 0x00000000d5a80000, 0x0000000100000000)
  eden space 2048K, 0% used [0x00000000d5580000,0x00000000d5580000,0x00000000d5780000)
  from space 1024K, 86% used [0x00000000d5780000,0x00000000d585c858,0x00000000d5880000)
  to   space 1536K, 0% used [0x00000000d5900000,0x00000000d5900000,0x00000000d5a80000)
 ParOldGen       total 1253888K, used 1253491K [0x0000000080000000, 0x00000000cc880000, 0x00000000d5580000)
  object space 1253888K, 99% used [0x0000000080000000,0x00000000cc81cea0,0x00000000cc880000)
 Metaspace       used 108598K, committed 110528K, reserved 1179648K
  class space    used 10515K, committed 11456K, reserved 1048576K
}
Event: 76067.429 GC heap before
{Heap before GC invocations=13309 (full 21):
 PSYoungGen      total 3072K, used 2930K [0x00000000d5580000, 0x00000000d5a80000, 0x0000000100000000)
  eden space 2048K, 100% used [0x00000000d5580000,0x00000000d5780000,0x00000000d5780000)
  from space 1024K, 86% used [0x00000000d5780000,0x00000000d585c858,0x00000000d5880000)
  to   space 1536K, 0% used [0x00000000d5900000,0x00000000d5900000,0x00000000d5a80000)
 ParOldGen       total 1253888K, used 1253491K [0x0000000080000000, 0x00000000cc880000, 0x00000000d5580000)
  object space 1253888K, 99% used [0x0000000080000000,0x00000000cc81cea0,0x00000000cc880000)
 Metaspace       used 108598K, committed 110528K, reserved 1179648K
  class space    used 10515K, committed 11456K, reserved 1048576K
}
Event: 76067.437 GC heap after
{Heap after GC invocations=13309 (full 21):
 PSYoungGen      total 2560K, used 128K [0x00000000d5580000, 0x00000000d5980000, 0x0000000100000000)
  eden space 2048K, 0% used [0x00000000d5580000,0x00000000d5580000,0x00000000d5780000)
  from space 512K, 25% used [0x00000000d5900000,0x00000000d5920000,0x00000000d5980000)
  to   space 512K, 0% used [0x00000000d5880000,0x00000000d5880000,0x00000000d5900000)
 ParOldGen       total 1254400K, used 1254305K [0x0000000080000000, 0x00000000cc900000, 0x00000000d5580000)
  object space 1254400K, 99% used [0x0000000080000000,0x00000000cc8e8730,0x00000000cc900000)
 Metaspace       used 108598K, committed 110528K, reserved 1179648K
  class space    used 10515K, committed 11456K, reserved 1048576K
}
Event: 76068.764 GC heap before
{Heap before GC invocations=13310 (full 21):
 PSYoungGen      total 2560K, used 2176K [0x00000000d5580000, 0x00000000d5980000, 0x0000000100000000)
  eden space 2048K, 100% used [0x00000000d5580000,0x00000000d5780000,0x00000000d5780000)
  from space 512K, 25% used [0x00000000d5900000,0x00000000d5920000,0x00000000d5980000)
  to   space 512K, 0% used [0x00000000d5880000,0x00000000d5880000,0x00000000d5900000)
 ParOldGen       total 1254400K, used 1254305K [0x0000000080000000, 0x00000000cc900000, 0x00000000d5580000)
  object space 1254400K, 99% used [0x0000000080000000,0x00000000cc8e8730,0x00000000cc900000)
 Metaspace       used 108598K, committed 110528K, reserved 1179648K
  class space    used 10515K, committed 11456K, reserved 1048576K
}
Event: 76068.777 GC heap after
{Heap after GC invocations=13310 (full 21):
 PSYoungGen      total 2560K, used 384K [0x00000000d5580000, 0x00000000d5980000, 0x0000000100000000)
  eden space 2048K, 0% used [0x00000000d5580000,0x00000000d5580000,0x00000000d5780000)
  from space 512K, 75% used [0x00000000d5880000,0x00000000d58e0000,0x00000000d5900000)
  to   space 512K, 0% used [0x00000000d5900000,0x00000000d5900000,0x00000000d5980000)
 ParOldGen       total 1254400K, used 1254337K [0x0000000080000000, 0x00000000cc900000, 0x00000000d5580000)
  object space 1254400K, 99% used [0x0000000080000000,0x00000000cc8f0730,0x00000000cc900000)
 Metaspace       used 108598K, committed 110528K, reserved 1179648K
  class space    used 10515K, committed 11456K, reserved 1048576K
}
Event: 76069.847 GC heap before
{Heap before GC invocations=13311 (full 21):
 PSYoungGen      total 2560K, used 2432K [0x00000000d5580000, 0x00000000d5980000, 0x0000000100000000)
  eden space 2048K, 100% used [0x00000000d5580000,0x00000000d5780000,0x00000000d5780000)
  from space 512K, 75% used [0x00000000d5880000,0x00000000d58e0000,0x00000000d5900000)
  to   space 512K, 0% used [0x00000000d5900000,0x00000000d5900000,0x00000000d5980000)
 ParOldGen       total 1254400K, used 1254337K [0x0000000080000000, 0x00000000cc900000, 0x00000000d5580000)
  object space 1254400K, 99% used [0x0000000080000000,0x00000000cc8f0730,0x00000000cc900000)
 Metaspace       used 108598K, committed 110528K, reserved 1179648K
  class space    used 10515K, committed 11456K, reserved 1048576K
}
Event: 76069.856 GC heap after
{Heap after GC invocations=13311 (full 21):
 PSYoungGen      total 2560K, used 240K [0x00000000d5580000, 0x00000000d5980000, 0x0000000100000000)
  eden space 2048K, 0% used [0x00000000d5580000,0x00000000d5580000,0x00000000d5780000)
  from space 512K, 46% used [0x00000000d5900000,0x00000000d593c010,0x00000000d5980000)
  to   space 512K, 0% used [0x00000000d5880000,0x00000000d5880000,0x00000000d5900000)
 ParOldGen       total 1254912K, used 1254653K [0x0000000080000000, 0x00000000cc980000, 0x00000000d5580000)
  object space 1254912K, 99% used [0x0000000080000000,0x00000000cc93f740,0x00000000cc980000)
 Metaspace       used 108598K, committed 110528K, reserved 1179648K
  class space    used 10515K, committed 11456K, reserved 1048576K
}
Event: 76070.560 GC heap before
{Heap before GC invocations=13312 (full 21):
 PSYoungGen      total 2560K, used 2288K [0x00000000d5580000, 0x00000000d5980000, 0x0000000100000000)
  eden space 2048K, 100% used [0x00000000d5580000,0x00000000d5780000,0x00000000d5780000)
  from space 512K, 46% used [0x00000000d5900000,0x00000000d593c010,0x00000000d5980000)
  to   space 512K, 0% used [0x00000000d5880000,0x00000000d5880000,0x00000000d5900000)
 ParOldGen       total 1254912K, used 1254653K [0x0000000080000000, 0x00000000cc980000, 0x00000000d5580000)
  object space 1254912K, 99% used [0x0000000080000000,0x00000000cc93f740,0x00000000cc980000)
 Metaspace       used 108598K, committed 110528K, reserved 1179648K
  class space    used 10515K, committed 11456K, reserved 1048576K
}
Event: 76070.569 GC heap after
{Heap after GC invocations=13312 (full 21):
 PSYoungGen      total 2560K, used 224K [0x00000000d5580000, 0x00000000d5980000, 0x0000000100000000)
  eden space 2048K, 0% used [0x00000000d5580000,0x00000000d5580000,0x00000000d5780000)
  from space 512K, 43% used [0x00000000d5880000,0x00000000d58b8000,0x00000000d5900000)
  to   space 512K, 0% used [0x00000000d5900000,0x00000000d5900000,0x00000000d5980000)
 ParOldGen       total 1254912K, used 1254829K [0x0000000080000000, 0x00000000cc980000, 0x00000000d5580000)
  object space 1254912K, 99% used [0x0000000080000000,0x00000000cc96b760,0x00000000cc980000)
 Metaspace       used 108598K, committed 110528K, reserved 1179648K
  class space    used 10515K, committed 11456K, reserved 1048576K
}
Event: 76072.634 GC heap before
{Heap before GC invocations=13313 (full 21):
 PSYoungGen      total 2560K, used 2272K [0x00000000d5580000, 0x00000000d5980000, 0x0000000100000000)
  eden space 2048K, 100% used [0x00000000d5580000,0x00000000d5780000,0x00000000d5780000)
  from space 512K, 43% used [0x00000000d5880000,0x00000000d58b8000,0x00000000d5900000)
  to   space 512K, 0% used [0x00000000d5900000,0x00000000d5900000,0x00000000d5980000)
 ParOldGen       total 1254912K, used 1254829K [0x0000000080000000, 0x00000000cc980000, 0x00000000d5580000)
  object space 1254912K, 99% used [0x0000000080000000,0x00000000cc96b760,0x00000000cc980000)
 Metaspace       used 108598K, committed 110528K, reserved 1179648K
  class space    used 10515K, committed 11456K, reserved 1048576K
}
Event: 76072.642 GC heap after
{Heap after GC invocations=13313 (full 21):
 PSYoungGen      total 2560K, used 489K [0x00000000d5580000, 0x00000000d5980000, 0x0000000100000000)
  eden space 2048K, 0% used [0x00000000d5580000,0x00000000d5580000,0x00000000d5780000)
  from space 512K, 95% used [0x00000000d5900000,0x00000000d597a4a8,0x00000000d5980000)
  to   space 1024K, 0% used [0x00000000d5780000,0x00000000d5780000,0x00000000d5880000)
 ParOldGen       total 1255424K, used 1254965K [0x0000000080000000, 0x00000000cca00000, 0x00000000d5580000)
  object space 1255424K, 99% used [0x0000000080000000,0x00000000cc98d760,0x00000000cca00000)
 Metaspace       used 108598K, committed 110528K, reserved 1179648K
  class space    used 10515K, committed 11456K, reserved 1048576K
}

