# JRE version: OpenJDK Runtime Environment Temurin-21.0.11+10 (21.0.11+10) (build 21.0.11+10-LTS)
# Java VM: OpenJDK 64-Bit Server VM Temurin-21.0.11+10 (21.0.11+10-LTS, mixed mode, sharing, tiered, compressed oops, compressed class ptrs, parallel gc, windows-amd64)
GC Precious Log:
 CardTable entry size: 512
 CPUs: 4 total, 4 available
 Memory: 16382M
 Large Page Support: Disabled
 NUMA Support: Disabled
 Compressed Oops: Enabled (32-bit)
 Alignments: Space 512K, Generation 512K, Heap 2M
 Heap Min Capacity: 100M
 Heap Initial Capacity: 100M
 Heap Max Capacity: 2G
 Pre-touch: Disabled
 Parallel Workers: 4
Heap:
 PSYoungGen      total 12800K, used 987K [0x00000000d5580000, 0x00000000d6280000, 0x0000000100000000)
  eden space 11264K, 7% used [0x00000000d5580000,0x00000000d5646c10,0x00000000d6080000)
  from space 1536K, 12% used [0x00000000d6080000,0x00000000d60b0000,0x00000000d6200000)
  to   space 512K, 0% used [0x00000000d6200000,0x00000000d6200000,0x00000000d6280000)
 ParOldGen       total 790016K, used 789744K [0x0000000080000000, 0x00000000b0380000, 0x00000000d5580000)
  object space 790016K, 99% used [0x0000000080000000,0x00000000b033c2c8,0x00000000b0380000)
 Metaspace       used 90524K, committed 92288K, reserved 1179648K
  class space    used 9007K, committed 9792K, reserved 1048576K
GC Heap History (20 events):
Event: 254085.629 GC heap before
{Heap before GC invocations=2141 (full 7):
 PSYoungGen      total 12288K, used 11220K [0x00000000d5580000, 0x00000000d6280000, 0x0000000100000000)
  eden space 11264K, 92% used [0x00000000d5580000,0x00000000d5fb1520,0x00000000d6080000)
  from space 1024K, 76% used [0x00000000d6080000,0x00000000d6143b20,0x00000000d6180000)
  to   space 1024K, 0% used [0x00000000d6180000,0x00000000d6180000,0x00000000d6280000)
 ParOldGen       total 785920K, used 785890K [0x0000000080000000, 0x00000000aff80000, 0x00000000d5580000)
  object space 785920K, 99% used [0x0000000080000000,0x00000000aff78bd8,0x00000000aff80000)
 Metaspace       used 90468K, committed 92288K, reserved 1179648K
  class space    used 9002K, committed 9792K, reserved 1048576K
}
Event: 254085.638 GC heap after
{Heap after GC invocations=2141 (full 7):
 PSYoungGen      total 11776K, used 256K [0x00000000d5580000, 0x00000000d6200000, 0x0000000100000000)
  eden space 11264K, 0% used [0x00000000d5580000,0x00000000d5580000,0x00000000d6080000)
  from space 512K, 50% used [0x00000000d6180000,0x00000000d61c0000,0x00000000d6200000)
  to   space 512K, 0% used [0x00000000d6100000,0x00000000d6100000,0x00000000d6180000)
 ParOldGen       total 786944K, used 786521K [0x0000000080000000, 0x00000000b0080000, 0x00000000d5580000)
  object space 786944K, 99% used [0x0000000080000000,0x00000000b0016618,0x00000000b0080000)
 Metaspace       used 90468K, committed 92288K, reserved 1179648K
  class space    used 9002K, committed 9792K, reserved 1048576K
}
Event: 254086.366 GC heap before
{Heap before GC invocations=2142 (full 7):
 PSYoungGen      total 11776K, used 10808K [0x00000000d5580000, 0x00000000d6200000, 0x0000000100000000)
  eden space 11264K, 93% used [0x00000000d5580000,0x00000000d5fce238,0x00000000d6080000)
  from space 512K, 50% used [0x00000000d6180000,0x00000000d61c0000,0x00000000d6200000)
  to   space 512K, 0% used [0x00000000d6100000,0x00000000d6100000,0x00000000d6180000)
 ParOldGen       total 786944K, used 786521K [0x0000000080000000, 0x00000000b0080000, 0x00000000d5580000)
  object space 786944K, 99% used [0x0000000080000000,0x00000000b0016618,0x00000000b0080000)
 Metaspace       used 90480K, committed 92288K, reserved 1179648K
  class space    used 9005K, committed 9792K, reserved 1048576K
}
Event: 254086.374 GC heap after
{Heap after GC invocations=2142 (full 7):
 PSYoungGen      total 11776K, used 512K [0x00000000d5580000, 0x00000000d6480000, 0x0000000100000000)
  eden space 11264K, 0% used [0x00000000d5580000,0x00000000d5580000,0x00000000d6080000)
  from space 512K, 100% used [0x00000000d6100000,0x00000000d6180000,0x00000000d6180000)
  to   space 2048K, 0% used [0x00000000d6280000,0x00000000d6280000,0x00000000d6480000)
 ParOldGen       total 787968K, used 787617K [0x0000000080000000, 0x00000000b0180000, 0x00000000d5580000)
  object space 787968K, 99% used [0x0000000080000000,0x00000000b0128658,0x00000000b0180000)
 Metaspace       used 90480K, committed 92288K, reserved 1179648K
  class space    used 9005K, committed 9792K, reserved 1048576K
}
Event: 254086.424 GC heap before
{Heap before GC invocations=2143 (full 7):
 PSYoungGen      total 11776K, used 11776K [0x00000000d5580000, 0x00000000d6480000, 0x0000000100000000)
  eden space 11264K, 100% used [0x00000000d5580000,0x00000000d6080000,0x00000000d6080000)
  from space 512K, 100% used [0x00000000d6100000,0x00000000d6180000,0x00000000d6180000)
  to   space 2048K, 0% used [0x00000000d6280000,0x00000000d6280000,0x00000000d6480000)
 ParOldGen       total 787968K, used 787617K [0x0000000080000000, 0x00000000b0180000, 0x00000000d5580000)
  object space 787968K, 99% used [0x0000000080000000,0x00000000b0128658,0x00000000b0180000)
 Metaspace       used 90480K, committed 92288K, reserved 1179648K
  class space    used 9005K, committed 9792K, reserved 1048576K
}
Event: 254086.430 GC heap after
{Heap after GC invocations=2143 (full 7):
 PSYoungGen      total 12800K, used 1401K [0x00000000d5580000, 0x00000000d6400000, 0x0000000100000000)
  eden space 11264K, 0% used [0x00000000d5580000,0x00000000d5580000,0x00000000d6080000)
  from space 1536K, 91% used [0x00000000d6280000,0x00000000d63de410,0x00000000d6400000)
  to   space 1536K, 0% used [0x00000000d6100000,0x00000000d6100000,0x00000000d6280000)
 ParOldGen       total 788480K, used 788149K [0x0000000080000000, 0x00000000b0200000, 0x00000000d5580000)
  object space 788480K, 99% used [0x0000000080000000,0x00000000b01ad668,0x00000000b0200000)
 Metaspace       used 90480K, committed 92288K, reserved 1179648K
  class space    used 9005K, committed 9792K, reserved 1048576K
}
Event: 254086.584 GC heap before
{Heap before GC invocations=2144 (full 7):
 PSYoungGen      total 12800K, used 12245K [0x00000000d5580000, 0x00000000d6400000, 0x0000000100000000)
  eden space 11264K, 96% used [0x00000000d5580000,0x00000000d6017050,0x00000000d6080000)
  from space 1536K, 91% used [0x00000000d6280000,0x00000000d63de410,0x00000000d6400000)
  to   space 1536K, 0% used [0x00000000d6100000,0x00000000d6100000,0x00000000d6280000)
 ParOldGen       total 788480K, used 788149K [0x0000000080000000, 0x00000000b0200000, 0x00000000d5580000)
  object space 788480K, 99% used [0x0000000080000000,0x00000000b01ad668,0x00000000b0200000)
 Metaspace       used 90482K, committed 92288K, reserved 1179648K
  class space    used 9005K, committed 9792K, reserved 1048576K
}
Event: 254086.587 GC heap after
{Heap after GC invocations=2144 (full 7):
 PSYoungGen      total 11776K, used 218K [0x00000000d5580000, 0x00000000d6300000, 0x0000000100000000)
  eden space 11264K, 0% used [0x00000000d5580000,0x00000000d5580000,0x00000000d6080000)
  from space 512K, 42% used [0x00000000d6100000,0x00000000d6136900,0x00000000d6180000)
  to   space 1024K, 0% used [0x00000000d6200000,0x00000000d6200000,0x00000000d6300000)
 ParOldGen       total 788480K, used 788469K [0x0000000080000000, 0x00000000b0200000, 0x00000000d5580000)
  object space 788480K, 99% used [0x0000000080000000,0x00000000b01fd668,0x00000000b0200000)
 Metaspace       used 90482K, committed 92288K, reserved 1179648K
  class space    used 9005K, committed 9792K, reserved 1048576K
}
Event: 254086.621 GC heap before
{Heap before GC invocations=2145 (full 7):
 PSYoungGen      total 11776K, used 11482K [0x00000000d5580000, 0x00000000d6300000, 0x0000000100000000)
  eden space 11264K, 100% used [0x00000000d5580000,0x00000000d6080000,0x00000000d6080000)
  from space 512K, 42% used [0x00000000d6100000,0x00000000d6136900,0x00000000d6180000)
  to   space 1024K, 0% used [0x00000000d6200000,0x00000000d6200000,0x00000000d6300000)
 ParOldGen       total 788480K, used 788469K [0x0000000080000000, 0x00000000b0200000, 0x00000000d5580000)
  object space 788480K, 99% used [0x0000000080000000,0x00000000b01fd668,0x00000000b0200000)
 Metaspace       used 90485K, committed 92288K, reserved 1179648K
  class space    used 9005K, committed 9792K, reserved 1048576K
}
Event: 254086.624 GC heap after
{Heap after GC invocations=2145 (full 7):
 PSYoungGen      total 12288K, used 570K [0x00000000d5580000, 0x00000000d6300000, 0x0000000100000000)
  eden space 11264K, 0% used [0x00000000d5580000,0x00000000d5580000,0x00000000d6080000)
  from space 1024K, 55% used [0x00000000d6200000,0x00000000d628e900,0x00000000d6300000)
  to   space 1024K, 0% used [0x00000000d6100000,0x00000000d6100000,0x00000000d6200000)
 ParOldGen       total 788992K, used 788493K [0x0000000080000000, 0x00000000b0280000, 0x00000000d5580000)
  object space 788992K, 99% used [0x0000000080000000,0x00000000b0203668,0x00000000b0280000)
 Metaspace       used 90485K, committed 92288K, reserved 1179648K
  class space    used 9005K, committed 9792K, reserved 1048576K
}
Event: 254086.729 GC heap before
{Heap before GC invocations=2146 (full 7):
 PSYoungGen      total 12288K, used 11312K [0x00000000d5580000, 0x00000000d6300000, 0x0000000100000000)
  eden space 11264K, 95% used [0x00000000d5580000,0x00000000d5ffd808,0x00000000d6080000)
  from space 1024K, 55% used [0x00000000d6200000,0x00000000d628e900,0x00000000d6300000)
  to   space 1024K, 0% used [0x00000000d6100000,0x00000000d6100000,0x00000000d6200000)
 ParOldGen       total 788992K, used 788493K [0x0000000080000000, 0x00000000b0280000, 0x00000000d5580000)
  object space 788992K, 99% used [0x0000000080000000,0x00000000b0203668,0x00000000b0280000)
 Metaspace       used 90486K, committed 92288K, reserved 1179648K
  class space    used 9005K, committed 9792K, reserved 1048576K
}
Event: 254086.734 GC heap after
{Heap after GC invocations=2146 (full 7):
 PSYoungGen      total 12288K, used 324K [0x00000000d5580000, 0x00000000d6280000, 0x0000000100000000)
  eden space 11264K, 0% used [0x00000000d5580000,0x00000000d5580000,0x00000000d6080000)
  from space 1024K, 31% used [0x00000000d6100000,0x00000000d6151210,0x00000000d6200000)
  to   space 512K, 0% used [0x00000000d6200000,0x00000000d6200000,0x00000000d6280000)
 ParOldGen       total 788992K, used 788586K [0x0000000080000000, 0x00000000b0280000, 0x00000000d5580000)
  object space 788992K, 99% used [0x0000000080000000,0x00000000b021a960,0x00000000b0280000)
 Metaspace       used 90486K, committed 92288K, reserved 1179648K
  class space    used 9005K, committed 9792K, reserved 1048576K
}
Event: 254086.750 GC heap before
{Heap before GC invocations=2147 (full 7):
 PSYoungGen      total 12288K, used 11588K [0x00000000d5580000, 0x00000000d6280000, 0x0000000100000000)
  eden space 11264K, 100% used [0x00000000d5580000,0x00000000d6080000,0x00000000d6080000)
  from space 1024K, 31% used [0x00000000d6100000,0x00000000d6151210,0x00000000d6200000)
  to   space 512K, 0% used [0x00000000d6200000,0x00000000d6200000,0x00000000d6280000)
 ParOldGen       total 788992K, used 788586K [0x0000000080000000, 0x00000000b0280000, 0x00000000d5580000)
  object space 788992K, 99% used [0x0000000080000000,0x00000000b021a960,0x00000000b0280000)
 Metaspace       used 90486K, committed 92288K, reserved 1179648K
  class space    used 9005K, committed 9792K, reserved 1048576K
}
Event: 254086.754 GC heap after
{Heap after GC invocations=2147 (full 7):
 PSYoungGen      total 11776K, used 308K [0x00000000d5580000, 0x00000000d6280000, 0x0000000100000000)
  eden space 11264K, 0% used [0x00000000d5580000,0x00000000d5580000,0x00000000d6080000)
  from space 512K, 60% used [0x00000000d6200000,0x00000000d624d0e8,0x00000000d6280000)
  to   space 512K, 0% used [0x00000000d6180000,0x00000000d6180000,0x00000000d6200000)
 ParOldGen       total 788992K, used 788738K [0x0000000080000000, 0x00000000b0280000, 0x00000000d5580000)
  object space 788992K, 99% used [0x0000000080000000,0x00000000b02409d0,0x00000000b0280000)
 Metaspace       used 90486K, committed 92288K, reserved 1179648K
  class space    used 9005K, committed 9792K, reserved 1048576K
}
Event: 254086.822 GC heap before
{Heap before GC invocations=2148 (full 7):
 PSYoungGen      total 11776K, used 10624K [0x00000000d5580000, 0x00000000d6280000, 0x0000000100000000)
  eden space 11264K, 91% used [0x00000000d5580000,0x00000000d5f92f68,0x00000000d6080000)
  from space 512K, 60% used [0x00000000d6200000,0x00000000d624d0e8,0x00000000d6280000)
  to   space 512K, 0% used [0x00000000d6180000,0x00000000d6180000,0x00000000d6200000)
 ParOldGen       total 788992K, used 788738K [0x0000000080000000, 0x00000000b0280000, 0x00000000d5580000)
  object space 788992K, 99% used [0x0000000080000000,0x00000000b02409d0,0x00000000b0280000)
 Metaspace       used 90487K, committed 92288K, reserved 1179648K
  class space    used 9005K, committed 9792K, reserved 1048576K
}
Event: 254086.825 GC heap after
{Heap after GC invocations=2148 (full 7):
 PSYoungGen      total 11776K, used 128K [0x00000000d5580000, 0x00000000d6280000, 0x0000000100000000)
  eden space 11264K, 0% used [0x00000000d5580000,0x00000000d5580000,0x00000000d6080000)
  from space 512K, 25% used [0x00000000d6180000,0x00000000d61a0000,0x00000000d6200000)
  to   space 512K, 0% used [0x00000000d6200000,0x00000000d6200000,0x00000000d6280000)
 ParOldGen       total 788992K, used 788826K [0x0000000080000000, 0x00000000b0280000, 0x00000000d5580000)
  object space 788992K, 99% used [0x0000000080000000,0x00000000b02568b8,0x00000000b0280000)
 Metaspace       used 90487K, committed 92288K, reserved 1179648K
  class space    used 9005K, committed 9792K, reserved 1048576K
}
Event: 254089.687 GC heap before
{Heap before GC invocations=2149 (full 7):
 PSYoungGen      total 11776K, used 11392K [0x00000000d5580000, 0x00000000d6280000, 0x0000000100000000)
  eden space 11264K, 100% used [0x00000000d5580000,0x00000000d6080000,0x00000000d6080000)
  from space 512K, 25% used [0x00000000d6180000,0x00000000d61a0000,0x00000000d6200000)
  to   space 512K, 0% used [0x00000000d6200000,0x00000000d6200000,0x00000000d6280000)
 ParOldGen       total 788992K, used 788826K [0x0000000080000000, 0x00000000b0280000, 0x00000000d5580000)
  object space 788992K, 99% used [0x0000000080000000,0x00000000b02568b8,0x00000000b0280000)
 Metaspace       used 90514K, committed 92288K, reserved 1179648K
  class space    used 9007K, committed 9792K, reserved 1048576K
}
Event: 254089.690 GC heap after
{Heap after GC invocations=2149 (full 7):
 PSYoungGen      total 11776K, used 500K [0x00000000d5580000, 0x00000000d6380000, 0x0000000100000000)
  eden space 11264K, 0% used [0x00000000d5580000,0x00000000d5580000,0x00000000d6080000)
  from space 512K, 97% used [0x00000000d6200000,0x00000000d627d200,0x00000000d6280000)
  to   space 1536K, 0% used [0x00000000d6080000,0x00000000d6080000,0x00000000d6200000)
 ParOldGen       total 789504K, used 789260K [0x0000000080000000, 0x00000000b0300000, 0x00000000d5580000)
  object space 789504K, 99% used [0x0000000080000000,0x00000000b02c30c8,0x00000000b0300000)
 Metaspace       used 90514K, committed 92288K, reserved 1179648K
  class space    used 9007K, committed 9792K, reserved 1048576K
}
Event: 254112.233 GC heap before
{Heap before GC invocations=2150 (full 7):
 PSYoungGen      total 11776K, used 11764K [0x00000000d5580000, 0x00000000d6380000, 0x0000000100000000)
  eden space 11264K, 100% used [0x00000000d5580000,0x00000000d6080000,0x00000000d6080000)
  from space 512K, 97% used [0x00000000d6200000,0x00000000d627d200,0x00000000d6280000)
  to   space 1536K, 0% used [0x00000000d6080000,0x00000000d6080000,0x00000000d6200000)
 ParOldGen       total 789504K, used 789260K [0x0000000080000000, 0x00000000b0300000, 0x00000000d5580000)
  object space 789504K, 99% used [0x0000000080000000,0x00000000b02c30c8,0x00000000b0300000)
 Metaspace       used 90524K, committed 92288K, reserved 1179648K
  class space    used 9007K, committed 9792K, reserved 1048576K
}
Event: 254112.237 GC heap after
{Heap after GC invocations=2150 (full 7):
 PSYoungGen      total 12800K, used 192K [0x00000000d5580000, 0x00000000d6280000, 0x0000000100000000)
  eden space 11264K, 0% used [0x00000000d5580000,0x00000000d5580000,0x00000000d6080000)
  from space 1536K, 12% used [0x00000000d6080000,0x00000000d60b0000,0x00000000d6200000)
  to   space 512K, 0% used [0x00000000d6200000,0x00000000d6200000,0x00000000d6280000)
 ParOldGen       total 790016K, used 789744K [0x0000000080000000, 0x00000000b0380000, 0x00000000d5580000)
  object space 790016K, 99% used [0x0000000080000000,0x00000000b033c2c8,0x00000000b0380000)
 Metaspace       used 90524K, committed 92288K, reserved 1179648K
  class space    used 9007K, committed 9792K, reserved 1048576K
}

