# JRE version: OpenJDK Runtime Environment Temurin-21.0.11+10 (21.0.11+10) (build 21.0.11+10-LTS)
# Java VM: OpenJDK 64-Bit Server VM Temurin-21.0.11+10 (21.0.11+10-LTS, mixed mode, sharing, tiered, compressed oops, compressed class ptrs, parallel gc, windows-amd64)
GC Precious Log:
 CardTable entry size: 512
 CPUs: 4 total, 4 available
 Memory: 16382M
 Large Page Support: Disabled
 NUMA Support: Disabled
 Compressed Oops: Enabled (32-bit)
 Alignments: Space 512K, Generation 512K, Heap 2M
 Heap Min Capacity: 100M
 Heap Initial Capacity: 100M
 Heap Max Capacity: 2G
 Pre-touch: Disabled
 Parallel Workers: 4
Heap:
 PSYoungGen      total 13312K, used 4525K [0x00000000d5580000, 0x00000000d6a80000, 0x0000000100000000)
  eden space 12800K, 32% used [0x00000000d5580000,0x00000000d59936a8,0x00000000d6200000)
  from space 512K, 68% used [0x00000000d6200000,0x00000000d6258000,0x00000000d6280000)
  to   space 3072K, 0% used [0x00000000d6780000,0x00000000d6780000,0x00000000d6a80000)
 ParOldGen       total 1121792K, used 1120849K [0x0000000080000000, 0x00000000c4780000, 0x00000000d5580000)
  object space 1121792K, 99% used [0x0000000080000000,0x00000000c46947e8,0x00000000c4780000)
 Metaspace       used 101543K, committed 103360K, reserved 1179648K
  class space    used 10171K, committed 11008K, reserved 1048576K
GC Heap History (20 events):
Event: 428893.566 GC heap before
{Heap before GC invocations=2252 (full 7):
 PSYoungGen      total 22528K, used 22080K [0x00000000d5580000, 0x00000000d7000000, 0x0000000100000000)
  eden space 19968K, 100% used [0x00000000d5580000,0x00000000d6900000,0x00000000d6900000)
  from space 2560K, 82% used [0x00000000d6a00000,0x00000000d6c10060,0x00000000d6c80000)
  to   space 3584K, 0% used [0x00000000d6c80000,0x00000000d6c80000,0x00000000d7000000)
 ParOldGen       total 1075200K, used 1074934K [0x0000000080000000, 0x00000000c1a00000, 0x00000000d5580000)
  object space 1075200K, 99% used [0x0000000080000000,0x00000000c19bd920,0x00000000c1a00000)
 Metaspace       used 101482K, committed 103296K, reserved 1179648K
  class space    used 10171K, committed 11008K, reserved 1048576K
}
Event: 428893.573 GC heap after
{Heap after GC invocations=2252 (full 7):
 PSYoungGen      total 22528K, used 2466K [0x00000000d5580000, 0x00000000d6f00000, 0x0000000100000000)
  eden space 19968K, 0% used [0x00000000d5580000,0x00000000d5580000,0x00000000d6900000)
  from space 2560K, 96% used [0x00000000d6c80000,0x00000000d6ee88b8,0x00000000d6f00000)
  to   space 2560K, 0% used [0x00000000d6a00000,0x00000000d6a00000,0x00000000d6c80000)
 ParOldGen       total 1077248K, used 1076834K [0x0000000080000000, 0x00000000c1c00000, 0x00000000d5580000)
  object space 1077248K, 99% used [0x0000000080000000,0x00000000c1b98930,0x00000000c1c00000)
 Metaspace       used 101482K, committed 103296K, reserved 1179648K
  class space    used 10171K, committed 11008K, reserved 1048576K
}
Event: 428893.597 GC heap before
{Heap before GC invocations=2253 (full 7):
 PSYoungGen      total 22528K, used 22434K [0x00000000d5580000, 0x00000000d6f00000, 0x0000000100000000)
  eden space 19968K, 100% used [0x00000000d5580000,0x00000000d6900000,0x00000000d6900000)
  from space 2560K, 96% used [0x00000000d6c80000,0x00000000d6ee88b8,0x00000000d6f00000)
  to   space 2560K, 0% used [0x00000000d6a00000,0x00000000d6a00000,0x00000000d6c80000)
 ParOldGen       total 1077248K, used 1076834K [0x0000000080000000, 0x00000000c1c00000, 0x00000000d5580000)
  object space 1077248K, 99% used [0x0000000080000000,0x00000000c1b98930,0x00000000c1c00000)
 Metaspace       used 101482K, committed 103296K, reserved 1179648K
  class space    used 10171K, committed 11008K, reserved 1048576K
}
Event: 428893.604 GC heap after
{Heap after GC invocations=2253 (full 7):
 PSYoungGen      total 22528K, used 2528K [0x00000000d5580000, 0x00000000d7500000, 0x0000000100000000)
  eden space 19968K, 0% used [0x00000000d5580000,0x00000000d5580000,0x00000000d6900000)
  from space 2560K, 98% used [0x00000000d6a00000,0x00000000d6c78010,0x00000000d6c80000)
  to   space 6144K, 0% used [0x00000000d6f00000,0x00000000d6f00000,0x00000000d7500000)
 ParOldGen       total 1080320K, used 1079809K [0x0000000080000000, 0x00000000c1f00000, 0x00000000d5580000)
  object space 1080320K, 99% used [0x0000000080000000,0x00000000c1e805c0,0x00000000c1f00000)
 Metaspace       used 101482K, committed 103296K, reserved 1179648K
  class space    used 10171K, committed 11008K, reserved 1048576K
}
Event: 428893.639 GC heap before
{Heap before GC invocations=2254 (full 7):
 PSYoungGen      total 22528K, used 22496K [0x00000000d5580000, 0x00000000d7500000, 0x0000000100000000)
  eden space 19968K, 100% used [0x00000000d5580000,0x00000000d6900000,0x00000000d6900000)
  from space 2560K, 98% used [0x00000000d6a00000,0x00000000d6c78010,0x00000000d6c80000)
  to   space 6144K, 0% used [0x00000000d6f00000,0x00000000d6f00000,0x00000000d7500000)
 ParOldGen       total 1080320K, used 1079809K [0x0000000080000000, 0x00000000c1f00000, 0x00000000d5580000)
  object space 1080320K, 99% used [0x0000000080000000,0x00000000c1e805c0,0x00000000c1f00000)
 Metaspace       used 101482K, committed 103296K, reserved 1179648K
  class space    used 10171K, committed 11008K, reserved 1048576K
}
Event: 428893.646 GC heap after
{Heap after GC invocations=2254 (full 7):
 PSYoungGen      total 23040K, used 2793K [0x00000000d5580000, 0x00000000d7200000, 0x0000000100000000)
  eden space 19968K, 0% used [0x00000000d5580000,0x00000000d5580000,0x00000000d6900000)
  from space 3072K, 90% used [0x00000000d6f00000,0x00000000d71ba488,0x00000000d7200000)
  to   space 4096K, 0% used [0x00000000d6a00000,0x00000000d6a00000,0x00000000d6e00000)
 ParOldGen       total 1081344K, used 1081009K [0x0000000080000000, 0x00000000c2000000, 0x00000000d5580000)
  object space 1081344K, 99% used [0x0000000080000000,0x00000000c1fac5f0,0x00000000c2000000)
 Metaspace       used 101482K, committed 103296K, reserved 1179648K
  class space    used 10171K, committed 11008K, reserved 1048576K
}
Event: 428894.197 GC heap before
{Heap before GC invocations=2255 (full 7):
 PSYoungGen      total 23040K, used 22761K [0x00000000d5580000, 0x00000000d7200000, 0x0000000100000000)
  eden space 19968K, 100% used [0x00000000d5580000,0x00000000d6900000,0x00000000d6900000)
  from space 3072K, 90% used [0x00000000d6f00000,0x00000000d71ba488,0x00000000d7200000)
  to   space 4096K, 0% used [0x00000000d6a00000,0x00000000d6a00000,0x00000000d6e00000)
 ParOldGen       total 1081344K, used 1081009K [0x0000000080000000, 0x00000000c2000000, 0x00000000d5580000)
  object space 1081344K, 99% used [0x0000000080000000,0x00000000c1fac5f0,0x00000000c2000000)
 Metaspace       used 101484K, committed 103296K, reserved 1179648K
  class space    used 10171K, committed 11008K, reserved 1048576K
}
Event: 428894.204 GC heap after
{Heap after GC invocations=2255 (full 7):
 PSYoungGen      total 22528K, used 2164K [0x00000000d5580000, 0x00000000d6f80000, 0x0000000100000000)
  eden space 19968K, 0% used [0x00000000d5580000,0x00000000d5580000,0x00000000d6900000)
  from space 2560K, 84% used [0x00000000d6a00000,0x00000000d6c1d240,0x00000000d6c80000)
  to   space 2560K, 0% used [0x00000000d6d00000,0x00000000d6d00000,0x00000000d6f80000)
 ParOldGen       total 1083904K, used 1083755K [0x0000000080000000, 0x00000000c2280000, 0x00000000d5580000)
  object space 1083904K, 99% used [0x0000000080000000,0x00000000c225ac68,0x00000000c2280000)
 Metaspace       used 101484K, committed 103296K, reserved 1179648K
  class space    used 10171K, committed 11008K, reserved 1048576K
}
Event: 428894.812 GC heap before
{Heap before GC invocations=2256 (full 7):
 PSYoungGen      total 22528K, used 22132K [0x00000000d5580000, 0x00000000d6f80000, 0x0000000100000000)
  eden space 19968K, 100% used [0x00000000d5580000,0x00000000d6900000,0x00000000d6900000)
  from space 2560K, 84% used [0x00000000d6a00000,0x00000000d6c1d240,0x00000000d6c80000)
  to   space 2560K, 0% used [0x00000000d6d00000,0x00000000d6d00000,0x00000000d6f80000)
 ParOldGen       total 1083904K, used 1083755K [0x0000000080000000, 0x00000000c2280000, 0x00000000d5580000)
  object space 1083904K, 99% used [0x0000000080000000,0x00000000c225ac68,0x00000000c2280000)
 Metaspace       used 101484K, committed 103296K, reserved 1179648K
  class space    used 10171K, committed 11008K, reserved 1048576K
}
Event: 428894.819 GC heap after
{Heap after GC invocations=2256 (full 7):
 PSYoungGen      total 20992K, used 2548K [0x00000000d5580000, 0x00000000d7400000, 0x0000000100000000)
  eden space 18432K, 0% used [0x00000000d5580000,0x00000000d5580000,0x00000000d6780000)
  from space 2560K, 99% used [0x00000000d6d00000,0x00000000d6f7d220,0x00000000d6f80000)
  to   space 5632K, 0% used [0x00000000d6780000,0x00000000d6780000,0x00000000d6d00000)
 ParOldGen       total 1085952K, used 1085924K [0x0000000080000000, 0x00000000c2480000, 0x00000000d5580000)
  object space 1085952K, 99% used [0x0000000080000000,0x00000000c2479298,0x00000000c2480000)
 Metaspace       used 101484K, committed 103296K, reserved 1179648K
  class space    used 10171K, committed 11008K, reserved 1048576K
}
Event: 428894.837 GC heap before
{Heap before GC invocations=2257 (full 7):
 PSYoungGen      total 20992K, used 20980K [0x00000000d5580000, 0x00000000d7400000, 0x0000000100000000)
  eden space 18432K, 100% used [0x00000000d5580000,0x00000000d6780000,0x00000000d6780000)
  from space 2560K, 99% used [0x00000000d6d00000,0x00000000d6f7d220,0x00000000d6f80000)
  to   space 5632K, 0% used [0x00000000d6780000,0x00000000d6780000,0x00000000d6d00000)
 ParOldGen       total 1085952K, used 1085924K [0x0000000080000000, 0x00000000c2480000, 0x00000000d5580000)
  object space 1085952K, 99% used [0x0000000080000000,0x00000000c2479298,0x00000000c2480000)
 Metaspace       used 101484K, committed 103296K, reserved 1179648K
  class space    used 10171K, committed 11008K, reserved 1048576K
}
Event: 428894.849 GC heap after
{Heap after GC invocations=2257 (full 7):
 PSYoungGen      total 20992K, used 2064K [0x00000000d5580000, 0x00000000d6d80000, 0x0000000100000000)
  eden space 18432K, 0% used [0x00000000d5580000,0x00000000d5580000,0x00000000d6780000)
  from space 2560K, 80% used [0x00000000d6780000,0x00000000d6984050,0x00000000d6a00000)
  to   space 3072K, 0% used [0x00000000d6a80000,0x00000000d6a80000,0x00000000d6d80000)
 ParOldGen       total 1088512K, used 1088461K [0x0000000080000000, 0x00000000c2700000, 0x00000000d5580000)
  object space 1088512K, 99% used [0x0000000080000000,0x00000000c26f3468,0x00000000c2700000)
 Metaspace       used 101484K, committed 103296K, reserved 1179648K
  class space    used 10171K, committed 11008K, reserved 1048576K
}
Event: 428894.879 GC heap before
{Heap before GC invocations=2258 (full 7):
 PSYoungGen      total 20992K, used 20496K [0x00000000d5580000, 0x00000000d6d80000, 0x0000000100000000)
  eden space 18432K, 100% used [0x00000000d5580000,0x00000000d6780000,0x00000000d6780000)
  from space 2560K, 80% used [0x00000000d6780000,0x00000000d6984050,0x00000000d6a00000)
  to   space 3072K, 0% used [0x00000000d6a80000,0x00000000d6a80000,0x00000000d6d80000)
 ParOldGen       total 1088512K, used 1088461K [0x0000000080000000, 0x00000000c2700000, 0x00000000d5580000)
  object space 1088512K, 99% used [0x0000000080000000,0x00000000c26f3468,0x00000000c2700000)
 Metaspace       used 101486K, committed 103296K, reserved 1179648K
  class space    used 10171K, committed 11008K, reserved 1048576K
}
Event: 428894.886 GC heap after
{Heap after GC invocations=2258 (full 7):
 PSYoungGen      total 21504K, used 2794K [0x00000000d5580000, 0x00000000d6d80000, 0x0000000100000000)
  eden space 18432K, 0% used [0x00000000d5580000,0x00000000d5580000,0x00000000d6780000)
  from space 3072K, 90% used [0x00000000d6a80000,0x00000000d6d3a930,0x00000000d6d80000)
  to   space 3072K, 0% used [0x00000000d6780000,0x00000000d6780000,0x00000000d6a80000)
 ParOldGen       total 1090560K, used 1090257K [0x0000000080000000, 0x00000000c2900000, 0x00000000d5580000)
  object space 1090560K, 99% used [0x0000000080000000,0x00000000c28b4770,0x00000000c2900000)
 Metaspace       used 101486K, committed 103296K, reserved 1179648K
  class space    used 10171K, committed 11008K, reserved 1048576K
}
Event: 428895.768 GC heap before
{Heap before GC invocations=2259 (full 7):
 PSYoungGen      total 21504K, used 21226K [0x00000000d5580000, 0x00000000d6d80000, 0x0000000100000000)
  eden space 18432K, 99% used [0x00000000d5580000,0x00000000d677fff8,0x00000000d6780000)
  from space 3072K, 90% used [0x00000000d6a80000,0x00000000d6d3a930,0x00000000d6d80000)
  to   space 3072K, 0% used [0x00000000d6780000,0x00000000d6780000,0x00000000d6a80000)
 ParOldGen       total 1090560K, used 1090257K [0x0000000080000000, 0x00000000c2900000, 0x00000000d5580000)
  object space 1090560K, 99% used [0x0000000080000000,0x00000000c28b4770,0x00000000c2900000)
 Metaspace       used 101486K, committed 103296K, reserved 1179648K
  class space    used 10171K, committed 11008K, reserved 1048576K
}
Event: 428895.776 GC heap after
{Heap after GC invocations=2259 (full 7):
 PSYoungGen      total 20992K, used 2112K [0x00000000d5580000, 0x00000000d6c80000, 0x0000000100000000)
  eden space 18432K, 0% used [0x00000000d5580000,0x00000000d5580000,0x00000000d6780000)
  from space 2560K, 82% used [0x00000000d6780000,0x00000000d6990020,0x00000000d6a00000)
  to   space 2560K, 0% used [0x00000000d6a00000,0x00000000d6a00000,0x00000000d6c80000)
 ParOldGen       total 1093120K, used 1092972K [0x0000000080000000, 0x00000000c2b80000, 0x00000000d5580000)
  object space 1093120K, 99% used [0x0000000080000000,0x00000000c2b5b278,0x00000000c2b80000)
 Metaspace       used 101486K, committed 103296K, reserved 1179648K
  class space    used 10171K, committed 11008K, reserved 1048576K
}
Event: 428895.996 GC heap before
{Heap before GC invocations=2260 (full 7):
 PSYoungGen      total 20992K, used 20544K [0x00000000d5580000, 0x00000000d6c80000, 0x0000000100000000)
  eden space 18432K, 100% used [0x00000000d5580000,0x00000000d6780000,0x00000000d6780000)
  from space 2560K, 82% used [0x00000000d6780000,0x00000000d6990020,0x00000000d6a00000)
  to   space 2560K, 0% used [0x00000000d6a00000,0x00000000d6a00000,0x00000000d6c80000)
 ParOldGen       total 1093120K, used 1092972K [0x0000000080000000, 0x00000000c2b80000, 0x00000000d5580000)
  object space 1093120K, 99% used [0x0000000080000000,0x00000000c2b5b278,0x00000000c2b80000)
 Metaspace       used 101523K, committed 103296K, reserved 1179648K
  class space    used 10171K, committed 11008K, reserved 1048576K
}
Event: 428896.007 GC heap after
{Heap after GC invocations=2260 (full 7):
 PSYoungGen      total 15360K, used 2532K [0x00000000d5580000, 0x00000000d7780000, 0x0000000100000000)
  eden space 12800K, 0% used [0x00000000d5580000,0x00000000d5580000,0x00000000d6200000)
  from space 2560K, 98% used [0x00000000d6a00000,0x00000000d6c791f0,0x00000000d6c80000)
  to   space 8192K, 0% used [0x00000000d6200000,0x00000000d6200000,0x00000000d6a00000)
 ParOldGen       total 1098240K, used 1097737K [0x0000000080000000, 0x00000000c3080000, 0x00000000d5580000)
  object space 1098240K, 99% used [0x0000000080000000,0x00000000c30027c8,0x00000000c3080000)
 Metaspace       used 101523K, committed 103296K, reserved 1179648K
  class space    used 10171K, committed 11008K, reserved 1048576K
}
Event: 428896.221 GC heap before
{Heap before GC invocations=2261 (full 7):
 PSYoungGen      total 15360K, used 15332K [0x00000000d5580000, 0x00000000d7780000, 0x0000000100000000)
  eden space 12800K, 100% used [0x00000000d5580000,0x00000000d6200000,0x00000000d6200000)
  from space 2560K, 98% used [0x00000000d6a00000,0x00000000d6c791f0,0x00000000d6c80000)
  to   space 8192K, 0% used [0x00000000d6200000,0x00000000d6200000,0x00000000d6a00000)
 ParOldGen       total 1121792K, used 1120777K [0x0000000080000000, 0x00000000c4780000, 0x00000000d5580000)
  object space 1121792K, 99% used [0x0000000080000000,0x00000000c46827e8,0x00000000c4780000)
 Metaspace       used 101528K, committed 103360K, reserved 1179648K
  class space    used 10171K, committed 11008K, reserved 1048576K
}
Event: 428896.224 GC heap after
{Heap after GC invocations=2261 (full 7):
 PSYoungGen      total 13312K, used 352K [0x00000000d5580000, 0x00000000d6a80000, 0x0000000100000000)
  eden space 12800K, 0% used [0x00000000d5580000,0x00000000d5580000,0x00000000d6200000)
  from space 512K, 68% used [0x00000000d6200000,0x00000000d6258000,0x00000000d6280000)
  to   space 3072K, 0% used [0x00000000d6780000,0x00000000d6780000,0x00000000d6a80000)
 ParOldGen       total 1121792K, used 1120849K [0x0000000080000000, 0x00000000c4780000, 0x00000000d5580000)
  object space 1121792K, 99% used [0x0000000080000000,0x00000000c46947e8,0x00000000c4780000)
 Metaspace       used 101528K, committed 103360K, reserved 1179648K
  class space    used 10171K, committed 11008K, reserved 1048576K
}

