# JRE version: OpenJDK Runtime Environment Temurin-21.0.11+10 (21.0.11+10) (build 21.0.11+10-LTS)
# Java VM: OpenJDK 64-Bit Server VM Temurin-21.0.11+10 (21.0.11+10-LTS, mixed mode, sharing, tiered, compressed oops, compressed class ptrs, parallel gc, windows-amd64)
GC Precious Log:
 CardTable entry size: 512
 CPUs: 4 total, 4 available
 Memory: 16382M
 Large Page Support: Disabled
 NUMA Support: Disabled
 Compressed Oops: Enabled (32-bit)
 Alignments: Space 512K, Generation 512K, Heap 2M
 Heap Min Capacity: 100M
 Heap Initial Capacity: 100M
 Heap Max Capacity: 2G
 Pre-touch: Disabled
 Parallel Workers: 4
Heap:
 PSYoungGen      total 11776K, used 7600K [0x00000000d5580000, 0x00000000d6280000, 0x0000000100000000)
  eden space 11264K, 66% used [0x00000000d5580000,0x00000000d5ccc2a8,0x00000000d6080000)
  from space 512K, 25% used [0x00000000d6180000,0x00000000d61a0000,0x00000000d6200000)
  to   space 512K, 0% used [0x00000000d6200000,0x00000000d6200000,0x00000000d6280000)
 ParOldGen       total 1110528K, used 1110399K [0x0000000080000000, 0x00000000c3c80000, 0x00000000d5580000)
  object space 1110528K, 99% used [0x0000000080000000,0x00000000c3c5fd80,0x00000000c3c80000)
 Metaspace       used 91822K, committed 93760K, reserved 1179648K
  class space    used 9180K, committed 10048K, reserved 1048576K
GC Heap History (20 events):
Event: 64242.004 GC heap before
{Heap before GC invocations=2239 (full 5):
 PSYoungGen      total 11776K, used 10366K [0x00000000d5580000, 0x00000000d6280000, 0x0000000100000000)
  eden space 11264K, 87% used [0x00000000d5580000,0x00000000d5f2d3f0,0x00000000d6080000)
  from space 512K, 89% used [0x00000000d6180000,0x00000000d61f2588,0x00000000d6200000)
  to   space 512K, 0% used [0x00000000d6200000,0x00000000d6200000,0x00000000d6280000)
 ParOldGen       total 1103360K, used 1103262K [0x0000000080000000, 0x00000000c3580000, 0x00000000d5580000)
  object space 1103360K, 99% used [0x0000000080000000,0x00000000c3567aa0,0x00000000c3580000)
 Metaspace       used 91817K, committed 93760K, reserved 1179648K
  class space    used 9180K, committed 10048K, reserved 1048576K
}
Event: 64242.006 GC heap after
{Heap after GC invocations=2239 (full 5):
 PSYoungGen      total 11776K, used 154K [0x00000000d5580000, 0x00000000d6280000, 0x0000000100000000)
  eden space 11264K, 0% used [0x00000000d5580000,0x00000000d5580000,0x00000000d6080000)
  from space 512K, 30% used [0x00000000d6200000,0x00000000d6226900,0x00000000d6280000)
  to   space 512K, 0% used [0x00000000d6180000,0x00000000d6180000,0x00000000d6200000)
 ParOldGen       total 1103360K, used 1103270K [0x0000000080000000, 0x00000000c3580000, 0x00000000d5580000)
  object space 1103360K, 99% used [0x0000000080000000,0x00000000c3569aa0,0x00000000c3580000)
 Metaspace       used 91817K, committed 93760K, reserved 1179648K
  class space    used 9180K, committed 10048K, reserved 1048576K
}
Event: 64242.018 GC heap before
{Heap before GC invocations=2240 (full 5):
 PSYoungGen      total 11776K, used 11306K [0x00000000d5580000, 0x00000000d6280000, 0x0000000100000000)
  eden space 11264K, 99% used [0x00000000d5580000,0x00000000d60642a8,0x00000000d6080000)
  from space 512K, 30% used [0x00000000d6200000,0x00000000d6226900,0x00000000d6280000)
  to   space 512K, 0% used [0x00000000d6180000,0x00000000d6180000,0x00000000d6200000)
 ParOldGen       total 1103360K, used 1103270K [0x0000000080000000, 0x00000000c3580000, 0x00000000d5580000)
  object space 1103360K, 99% used [0x0000000080000000,0x00000000c3569aa0,0x00000000c3580000)
 Metaspace       used 91817K, committed 93760K, reserved 1179648K
  class space    used 9180K, committed 10048K, reserved 1048576K
}
Event: 64242.021 GC heap after
{Heap after GC invocations=2240 (full 5):
 PSYoungGen      total 11776K, used 282K [0x00000000d5580000, 0x00000000d6280000, 0x0000000100000000)
  eden space 11264K, 0% used [0x00000000d5580000,0x00000000d5580000,0x00000000d6080000)
  from space 512K, 55% used [0x00000000d6180000,0x00000000d61c6900,0x00000000d6200000)
  to   space 512K, 0% used [0x00000000d6200000,0x00000000d6200000,0x00000000d6280000)
 ParOldGen       total 1106432K, used 1106284K [0x0000000080000000, 0x00000000c3880000, 0x00000000d5580000)
  object space 1106432K, 99% used [0x0000000080000000,0x00000000c385b310,0x00000000c3880000)
 Metaspace       used 91817K, committed 93760K, reserved 1179648K
  class space    used 9180K, committed 10048K, reserved 1048576K
}
Event: 64242.037 GC heap before
{Heap before GC invocations=2241 (full 5):
 PSYoungGen      total 11776K, used 11546K [0x00000000d5580000, 0x00000000d6280000, 0x0000000100000000)
  eden space 11264K, 100% used [0x00000000d5580000,0x00000000d6080000,0x00000000d6080000)
  from space 512K, 55% used [0x00000000d6180000,0x00000000d61c6900,0x00000000d6200000)
  to   space 512K, 0% used [0x00000000d6200000,0x00000000d6200000,0x00000000d6280000)
 ParOldGen       total 1106432K, used 1106284K [0x0000000080000000, 0x00000000c3880000, 0x00000000d5580000)
  object space 1106432K, 99% used [0x0000000080000000,0x00000000c385b310,0x00000000c3880000)
 Metaspace       used 91817K, committed 93760K, reserved 1179648K
  class space    used 9180K, committed 10048K, reserved 1048576K
}
Event: 64242.040 GC heap after
{Heap after GC invocations=2241 (full 5):
 PSYoungGen      total 11776K, used 128K [0x00000000d5580000, 0x00000000d6280000, 0x0000000100000000)
  eden space 11264K, 0% used [0x00000000d5580000,0x00000000d5580000,0x00000000d6080000)
  from space 512K, 25% used [0x00000000d6200000,0x00000000d6220000,0x00000000d6280000)
  to   space 512K, 0% used [0x00000000d6180000,0x00000000d6180000,0x00000000d6200000)
 ParOldGen       total 1106432K, used 1106292K [0x0000000080000000, 0x00000000c3880000, 0x00000000d5580000)
  object space 1106432K, 99% used [0x0000000080000000,0x00000000c385d310,0x00000000c3880000)
 Metaspace       used 91817K, committed 93760K, reserved 1179648K
  class space    used 9180K, committed 10048K, reserved 1048576K
}
Event: 64242.059 GC heap before
{Heap before GC invocations=2242 (full 5):
 PSYoungGen      total 11776K, used 11392K [0x00000000d5580000, 0x00000000d6280000, 0x0000000100000000)
  eden space 11264K, 100% used [0x00000000d5580000,0x00000000d6080000,0x00000000d6080000)
  from space 512K, 25% used [0x00000000d6200000,0x00000000d6220000,0x00000000d6280000)
  to   space 512K, 0% used [0x00000000d6180000,0x00000000d6180000,0x00000000d6200000)
 ParOldGen       total 1106432K, used 1106292K [0x0000000080000000, 0x00000000c3880000, 0x00000000d5580000)
  object space 1106432K, 99% used [0x0000000080000000,0x00000000c385d310,0x00000000c3880000)
 Metaspace       used 91817K, committed 93760K, reserved 1179648K
  class space    used 9180K, committed 10048K, reserved 1048576K
}
Event: 64242.061 GC heap after
{Heap after GC invocations=2242 (full 5):
 PSYoungGen      total 11776K, used 506K [0x00000000d5580000, 0x00000000d6280000, 0x0000000100000000)
  eden space 11264K, 0% used [0x00000000d5580000,0x00000000d5580000,0x00000000d6080000)
  from space 512K, 98% used [0x00000000d6180000,0x00000000d61fe900,0x00000000d6200000)
  to   space 512K, 0% used [0x00000000d6200000,0x00000000d6200000,0x00000000d6280000)
 ParOldGen       total 1106944K, used 1106620K [0x0000000080000000, 0x00000000c3900000, 0x00000000d5580000)
  object space 1106944K, 99% used [0x0000000080000000,0x00000000c38af310,0x00000000c3900000)
 Metaspace       used 91817K, committed 93760K, reserved 1179648K
  class space    used 9180K, committed 10048K, reserved 1048576K
}
Event: 64242.076 GC heap before
{Heap before GC invocations=2243 (full 5):
 PSYoungGen      total 11776K, used 10827K [0x00000000d5580000, 0x00000000d6280000, 0x0000000100000000)
  eden space 11264K, 91% used [0x00000000d5580000,0x00000000d5f945d8,0x00000000d6080000)
  from space 512K, 98% used [0x00000000d6180000,0x00000000d61fe900,0x00000000d6200000)
  to   space 512K, 0% used [0x00000000d6200000,0x00000000d6200000,0x00000000d6280000)
 ParOldGen       total 1106944K, used 1106620K [0x0000000080000000, 0x00000000c3900000, 0x00000000d5580000)
  object space 1106944K, 99% used [0x0000000080000000,0x00000000c38af310,0x00000000c3900000)
 Metaspace       used 91817K, committed 93760K, reserved 1179648K
  class space    used 9180K, committed 10048K, reserved 1048576K
}
Event: 64242.079 GC heap after
{Heap after GC invocations=2243 (full 5):
 PSYoungGen      total 11776K, used 282K [0x00000000d5580000, 0x00000000d6280000, 0x0000000100000000)
  eden space 11264K, 0% used [0x00000000d5580000,0x00000000d5580000,0x00000000d6080000)
  from space 512K, 55% used [0x00000000d6200000,0x00000000d6246900,0x00000000d6280000)
  to   space 512K, 0% used [0x00000000d6180000,0x00000000d6180000,0x00000000d6200000)
 ParOldGen       total 1107456K, used 1107145K [0x0000000080000000, 0x00000000c3980000, 0x00000000d5580000)
  object space 1107456K, 99% used [0x0000000080000000,0x00000000c3932510,0x00000000c3980000)
 Metaspace       used 91817K, committed 93760K, reserved 1179648K
  class space    used 9180K, committed 10048K, reserved 1048576K
}
Event: 64242.093 GC heap before
{Heap before GC invocations=2244 (full 5):
 PSYoungGen      total 11776K, used 11546K [0x00000000d5580000, 0x00000000d6280000, 0x0000000100000000)
  eden space 11264K, 100% used [0x00000000d5580000,0x00000000d6080000,0x00000000d6080000)
  from space 512K, 55% used [0x00000000d6200000,0x00000000d6246900,0x00000000d6280000)
  to   space 512K, 0% used [0x00000000d6180000,0x00000000d6180000,0x00000000d6200000)
 ParOldGen       total 1107456K, used 1107145K [0x0000000080000000, 0x00000000c3980000, 0x00000000d5580000)
  object space 1107456K, 99% used [0x0000000080000000,0x00000000c3932510,0x00000000c3980000)
 Metaspace       used 91817K, committed 93760K, reserved 1179648K
  class space    used 9180K, committed 10048K, reserved 1048576K
}
Event: 64242.095 GC heap after
{Heap after GC invocations=2244 (full 5):
 PSYoungGen      total 11776K, used 154K [0x00000000d5580000, 0x00000000d6280000, 0x0000000100000000)
  eden space 11264K, 0% used [0x00000000d5580000,0x00000000d5580000,0x00000000d6080000)
  from space 512K, 30% used [0x00000000d6180000,0x00000000d61a6900,0x00000000d6200000)
  to   space 512K, 0% used [0x00000000d6200000,0x00000000d6200000,0x00000000d6280000)
 ParOldGen       total 1107456K, used 1107169K [0x0000000080000000, 0x00000000c3980000, 0x00000000d5580000)
  object space 1107456K, 99% used [0x0000000080000000,0x00000000c3938510,0x00000000c3980000)
 Metaspace       used 91817K, committed 93760K, reserved 1179648K
  class space    used 9180K, committed 10048K, reserved 1048576K
}
Event: 64242.109 GC heap before
{Heap before GC invocations=2245 (full 5):
 PSYoungGen      total 11776K, used 10244K [0x00000000d5580000, 0x00000000d6280000, 0x0000000100000000)
  eden space 11264K, 89% used [0x00000000d5580000,0x00000000d5f5a848,0x00000000d6080000)
  from space 512K, 30% used [0x00000000d6180000,0x00000000d61a6900,0x00000000d6200000)
  to   space 512K, 0% used [0x00000000d6200000,0x00000000d6200000,0x00000000d6280000)
 ParOldGen       total 1107456K, used 1107169K [0x0000000080000000, 0x00000000c3980000, 0x00000000d5580000)
  object space 1107456K, 99% used [0x0000000080000000,0x00000000c3938510,0x00000000c3980000)
 Metaspace       used 91817K, committed 93760K, reserved 1179648K
  class space    used 9180K, committed 10048K, reserved 1048576K
}
Event: 64242.110 GC heap after
{Heap after GC invocations=2245 (full 5):
 PSYoungGen      total 11776K, used 346K [0x00000000d5580000, 0x00000000d6280000, 0x0000000100000000)
  eden space 11264K, 0% used [0x00000000d5580000,0x00000000d5580000,0x00000000d6080000)
  from space 512K, 67% used [0x00000000d6200000,0x00000000d6256900,0x00000000d6280000)
  to   space 512K, 0% used [0x00000000d6180000,0x00000000d6180000,0x00000000d6200000)
 ParOldGen       total 1107456K, used 1107193K [0x0000000080000000, 0x00000000c3980000, 0x00000000d5580000)
  object space 1107456K, 99% used [0x0000000080000000,0x00000000c393e510,0x00000000c3980000)
 Metaspace       used 91817K, committed 93760K, reserved 1179648K
  class space    used 9180K, committed 10048K, reserved 1048576K
}
Event: 64242.125 GC heap before
{Heap before GC invocations=2246 (full 5):
 PSYoungGen      total 11776K, used 11610K [0x00000000d5580000, 0x00000000d6280000, 0x0000000100000000)
  eden space 11264K, 100% used [0x00000000d5580000,0x00000000d6080000,0x00000000d6080000)
  from space 512K, 67% used [0x00000000d6200000,0x00000000d6256900,0x00000000d6280000)
  to   space 512K, 0% used [0x00000000d6180000,0x00000000d6180000,0x00000000d6200000)
 ParOldGen       total 1107456K, used 1107193K [0x0000000080000000, 0x00000000c3980000, 0x00000000d5580000)
  object space 1107456K, 99% used [0x0000000080000000,0x00000000c393e510,0x00000000c3980000)
 Metaspace       used 91817K, committed 93760K, reserved 1179648K
  class space    used 9180K, committed 10048K, reserved 1048576K
}
Event: 64242.126 GC heap after
{Heap after GC invocations=2246 (full 5):
 PSYoungGen      total 11776K, used 282K [0x00000000d5580000, 0x00000000d6280000, 0x0000000100000000)
  eden space 11264K, 0% used [0x00000000d5580000,0x00000000d5580000,0x00000000d6080000)
  from space 512K, 55% used [0x00000000d6180000,0x00000000d61c6900,0x00000000d6200000)
  to   space 512K, 0% used [0x00000000d6200000,0x00000000d6200000,0x00000000d6280000)
 ParOldGen       total 1107456K, used 1107265K [0x0000000080000000, 0x00000000c3980000, 0x00000000d5580000)
  object space 1107456K, 99% used [0x0000000080000000,0x00000000c3950510,0x00000000c3980000)
 Metaspace       used 91817K, committed 93760K, reserved 1179648K
  class space    used 9180K, committed 10048K, reserved 1048576K
}
Event: 64242.140 GC heap before
{Heap before GC invocations=2247 (full 5):
 PSYoungGen      total 11776K, used 10119K [0x00000000d5580000, 0x00000000d6280000, 0x0000000100000000)
  eden space 11264K, 87% used [0x00000000d5580000,0x00000000d5f1b638,0x00000000d6080000)
  from space 512K, 55% used [0x00000000d6180000,0x00000000d61c6900,0x00000000d6200000)
  to   space 512K, 0% used [0x00000000d6200000,0x00000000d6200000,0x00000000d6280000)
 ParOldGen       total 1107456K, used 1107265K [0x0000000080000000, 0x00000000c3980000, 0x00000000d5580000)
  object space 1107456K, 99% used [0x0000000080000000,0x00000000c3950510,0x00000000c3980000)
 Metaspace       used 91817K, committed 93760K, reserved 1179648K
  class space    used 9180K, committed 10048K, reserved 1048576K
}
Event: 64242.142 GC heap after
{Heap after GC invocations=2247 (full 5):
 PSYoungGen      total 11776K, used 128K [0x00000000d5580000, 0x00000000d6280000, 0x0000000100000000)
  eden space 11264K, 0% used [0x00000000d5580000,0x00000000d5580000,0x00000000d6080000)
  from space 512K, 25% used [0x00000000d6200000,0x00000000d6220000,0x00000000d6280000)
  to   space 512K, 0% used [0x00000000d6180000,0x00000000d6180000,0x00000000d6200000)
 ParOldGen       total 1107456K, used 1107321K [0x0000000080000000, 0x00000000c3980000, 0x00000000d5580000)
  object space 1107456K, 99% used [0x0000000080000000,0x00000000c395e510,0x00000000c3980000)
 Metaspace       used 91817K, committed 93760K, reserved 1179648K
  class space    used 9180K, committed 10048K, reserved 1048576K
}
Event: 64242.209 GC heap before
{Heap before GC invocations=2248 (full 5):
 PSYoungGen      total 11776K, used 11321K [0x00000000d5580000, 0x00000000d6280000, 0x0000000100000000)
  eden space 11264K, 99% used [0x00000000d5580000,0x00000000d606e588,0x00000000d6080000)
  from space 512K, 25% used [0x00000000d6200000,0x00000000d6220000,0x00000000d6280000)
  to   space 512K, 0% used [0x00000000d6180000,0x00000000d6180000,0x00000000d6200000)
 ParOldGen       total 1107456K, used 1107321K [0x0000000080000000, 0x00000000c3980000, 0x00000000d5580000)
  object space 1107456K, 99% used [0x0000000080000000,0x00000000c395e510,0x00000000c3980000)
 Metaspace       used 91822K, committed 93760K, reserved 1179648K
  class space    used 9180K, committed 10048K, reserved 1048576K
}
Event: 64242.212 GC heap after
{Heap after GC invocations=2248 (full 5):
 PSYoungGen      total 11776K, used 128K [0x00000000d5580000, 0x00000000d6280000, 0x0000000100000000)
  eden space 11264K, 0% used [0x00000000d5580000,0x00000000d5580000,0x00000000d6080000)
  from space 512K, 25% used [0x00000000d6180000,0x00000000d61a0000,0x00000000d6200000)
  to   space 512K, 0% used [0x00000000d6200000,0x00000000d6200000,0x00000000d6280000)
 ParOldGen       total 1110528K, used 1110399K [0x0000000080000000, 0x00000000c3c80000, 0x00000000d5580000)
  object space 1110528K, 99% used [0x0000000080000000,0x00000000c3c5fd80,0x00000000c3c80000)
 Metaspace       used 91822K, committed 93760K, reserved 1179648K
  class space    used 9180K, committed 10048K, reserved 1048576K
}

