<?xml version="1.0" encoding="UTF-8"?>
<testsuite xmlns:xsi="http://www.w3.org/2001/XMLSchema-instance" xsi:noNamespaceSchemaLocation="https://maven.apache.org/surefire/maven-surefire-plugin/xsd/surefire-test-report.xsd" version="3.0.2" name="com.pms.inventory.InventoryApplicationTests" time="17.19" tests="1" errors="0" skipped="0" failures="0">
  <properties>
[...]
</properties>
  <testcase name="contextLoads" classname="com.pms.inventory.InventoryApplicationTests" time="0.053">
    <system-out><![CDATA[17:33:57.929 [main] INFO org.springframework.test.context.support.AnnotationConfigContextLoaderUtils -- Could not detect default configuration classes for test class [com.pms.inventory.InventoryApplicationTests]: InventoryApplicationTests does not declare any static, non-private, non-final, nested classes annotated with @Configuration.
17:33:58.222 [main] INFO org.springframework.boot.test.context.SpringBootTestContextBootstrapper -- Found @SpringBootConfiguration com.pms.inventory.InventoryApplication for test class com.pms.inventory.InventoryApplicationTests

  .   ____          _            __ _ _
 /\\ / ___'_ __ _ _(_)_ __  __ _ \ \ \ \
( ( )\___ | '_ | '_| | '_ \/ _` | \ \ \ \
 \\/  ___)| |_)| | | | | || (_| |  ) ) ) )
  '  |____| .__|_| |_|_| |_\__, | / / / /
 =========|_|==============|___/=/_/_/_/

 :: Spring Boot ::                (v3.5.3)

2026-07-20T17:33:59.497+05:30  INFO 13192 --- [pms-inventory] [           main] c.p.inventory.InventoryApplicationTests  : Starting InventoryApplicationTests using Java 21.0.2 with PID 13192 (started by nikhilki in E:\Features on git\pw-with-security\TnH_FrontDesk_API\pms-inventory)
2026-07-20T17:33:59.501+05:30  INFO 13192 --- [pms-inventory] [           main] c.p.inventory.InventoryApplicationTests  : No active profile set, falling back to 1 default profile: "default"
2026-07-20T17:34:02.517+05:30  INFO 13192 --- [pms-inventory] [           main] .s.d.r.c.RepositoryConfigurationDelegate : Bootstrapping Spring Data JPA repositories in DEFAULT mode.
2026-07-20T17:34:02.779+05:30  INFO 13192 --- [pms-inventory] [           main] .s.d.r.c.RepositoryConfigurationDelegate : Finished Spring Data repository scanning in 230 ms. Found 3 JPA repository interfaces.
2026-07-20T17:34:04.929+05:30  INFO 13192 --- [pms-inventory] [           main] com.zaxxer.hikari.HikariDataSource       : HikariPool-1 - Starting...
2026-07-20T17:34:05.686+05:30  INFO 13192 --- [pms-inventory] [           main] com.zaxxer.hikari.pool.HikariPool        : HikariPool-1 - Added connection org.postgresql.jdbc.PgConnection@50aa9a91
2026-07-20T17:34:05.689+05:30  INFO 13192 --- [pms-inventory] [           main] com.zaxxer.hikari.HikariDataSource       : HikariPool-1 - Start completed.
2026-07-20T17:34:05.777+05:30  INFO 13192 --- [pms-inventory] [           main] org.flywaydb.core.FlywayExecutor         : Database: jdbc:postgresql://localhost:5432/pms_inventory (PostgreSQL 18.3)
2026-07-20T17:34:05.814+05:30  WARN 13192 --- [pms-inventory] [           main] o.f.c.internal.database.base.Database    : Flyway upgrade recommended: PostgreSQL 18.3 is newer than this version of Flyway and support has not been tested. The latest supported version of PostgreSQL is 17.
2026-07-20T17:34:05.972+05:30  INFO 13192 --- [pms-inventory] [           main] o.f.core.internal.command.DbValidate     : Successfully validated 1 migration (execution time 00:00.111s)
2026-07-20T17:34:06.329+05:30  INFO 13192 --- [pms-inventory] [           main] o.f.core.internal.command.DbMigrate      : Current version of schema "public": 1
2026-07-20T17:34:06.336+05:30  INFO 13192 --- [pms-inventory] [           main] o.f.core.internal.command.DbMigrate      : Schema "public" is up to date. No migration necessary.
2026-07-20T17:34:06.900+05:30  INFO 13192 --- [pms-inventory] [           main] o.hibernate.jpa.internal.util.LogHelper  : HHH000204: Processing PersistenceUnitInfo [name: default]
2026-07-20T17:34:07.102+05:30  INFO 13192 --- [pms-inventory] [           main] org.hibernate.Version                    : HHH000412: Hibernate ORM core version 6.6.18.Final
2026-07-20T17:34:07.215+05:30  INFO 13192 --- [pms-inventory] [           main] o.h.c.internal.RegionFactoryInitiator    : HHH000026: Second-level cache disabled
2026-07-20T17:34:07.675+05:30  INFO 13192 --- [pms-inventory] [           main] o.s.o.j.p.SpringPersistenceUnitInfo      : No LoadTimeWeaver setup: ignoring JPA class transformer
2026-07-20T17:34:07.883+05:30  INFO 13192 --- [pms-inventory] [           main] org.hibernate.orm.connections.pooling    : HHH10001005: Database info:
	Database JDBC URL [Connecting through datasource 'HikariDataSource (HikariPool-1)']
	Database driver: undefined/unknown
	Database version: 18.3
	Autocommit mode: undefined/unknown
	Isolation level: undefined/unknown
	Minimum pool size: undefined/unknown
	Maximum pool size: undefined/unknown
2026-07-20T17:34:09.931+05:30  INFO 13192 --- [pms-inventory] [           main] o.h.e.t.j.p.i.JtaPlatformInitiator       : HHH000489: No JTA platform available (set 'hibernate.transaction.jta.platform' to enable JTA platform integration)
2026-07-20T17:34:10.039+05:30  INFO 13192 --- [pms-inventory] [           main] j.LocalContainerEntityManagerFactoryBean : Initialized JPA EntityManagerFactory for persistence unit 'default'
2026-07-20T17:34:10.836+05:30  INFO 13192 --- [pms-inventory] [           main] o.s.d.j.r.query.QueryEnhancerFactory     : Hibernate is in classpath; If applicable, HQL parser will be used.
2026-07-20T17:34:12.883+05:30  WARN 13192 --- [pms-inventory] [           main] JpaBaseConfiguration$JpaWebConfiguration : spring.jpa.open-in-view is enabled by default. Therefore, database queries may be performed during view rendering. Explicitly configure spring.jpa.open-in-view to disable this warning
2026-07-20T17:34:12.972+05:30  WARN 13192 --- [pms-inventory] [           main] .s.s.UserDetailsServiceAutoConfiguration : 

Using generated security password: b3c93c7c-25ef-4a05-b529-ec7c130b231d

This generated password is for development use only. Your security configuration must be updated before running your application in production.

2026-07-20T17:34:12.999+05:30  INFO 13192 --- [pms-inventory] [           main] r$InitializeUserDetailsManagerConfigurer : Global AuthenticationManager configured with UserDetailsService bean with name inMemoryUserDetailsManager
2026-07-20T17:34:14.794+05:30  INFO 13192 --- [pms-inventory] [           main] c.p.inventory.InventoryApplicationTests  : Started InventoryApplicationTests in 16.178 seconds (process running for 24.187)
]]></system-out>
  </testcase>
</testsuite>