<?xml version="1.0" encoding="UTF-8"?>
<testsuite xmlns:xsi="http://www.w3.org/2001/XMLSchema-instance" xsi:noNamespaceSchemaLocation="https://maven.apache.org/surefire/maven-surefire-plugin/xsd/surefire-test-report-3.0.xsd" version="3.0" name="com.pms.property.PropertyServiceApplicationTests" time="22.206" tests="1" errors="0" skipped="0" failures="0">
  <properties>
[...]
</properties>
  <testcase name="contextLoads" classname="com.pms.property.PropertyServiceApplicationTests" time="0.033">
    <system-out><![CDATA[20:37:47.521 [main] INFO org.springframework.test.context.support.AnnotationConfigContextLoaderUtils -- Could not detect default configuration classes for test class [com.pms.property.PropertyServiceApplicationTests]: PropertyServiceApplicationTests does not declare any static, non-private, non-final, nested classes annotated with @Configuration.
20:37:47.932 [main] INFO org.springframework.boot.test.context.SpringBootTestContextBootstrapper -- Found @SpringBootConfiguration com.pms.property.PropertyServiceApplication for test class com.pms.property.PropertyServiceApplicationTests
  .   ____          _            __ _ _
 /\\ / ___'_ __ _ _(_)_ __  __ _ \ \ \ \
( ( )\___ | '_ | '_| | '_ \/ _` | \ \ \ \
 \\/  ___)| |_)| | | | | || (_| |  ) ) ) )
  '  |____| .__|_| |_|_| |_\__, | / / / /
 =========|_|==============|___/=/_/_/_/

 :: Spring Boot ::                (v3.3.0)

2026-05-24T20:37:48.886+05:30  INFO 1916 --- [           main] c.p.p.PropertyServiceApplicationTests    : Starting PropertyServiceApplicationTests using Java 21.0.2 with PID 1916 (started by nikhilki in E:\Agentic AI Code\backend-frontdesk)
2026-05-24T20:37:48.888+05:30  INFO 1916 --- [           main] c.p.p.PropertyServiceApplicationTests    : No active profile set, falling back to 1 default profile: "default"
2026-05-24T20:37:51.333+05:30  INFO 1916 --- [           main] .s.d.r.c.RepositoryConfigurationDelegate : Bootstrapping Spring Data JPA repositories in DEFAULT mode.
2026-05-24T20:37:51.632+05:30  INFO 1916 --- [           main] .s.d.r.c.RepositoryConfigurationDelegate : Finished Spring Data repository scanning in 239 ms. Found 16 JPA repository interfaces.
2026-05-24T20:37:54.415+05:30  INFO 1916 --- [           main] com.zaxxer.hikari.HikariDataSource       : HikariPool-1 - Starting...
2026-05-24T20:37:55.326+05:30  INFO 1916 --- [           main] com.zaxxer.hikari.pool.HikariPool        : HikariPool-1 - Added connection conn0: url=jdbc:h2:mem:propertydb user=SA
2026-05-24T20:37:55.337+05:30  INFO 1916 --- [           main] com.zaxxer.hikari.HikariDataSource       : HikariPool-1 - Start completed.
2026-05-24T20:37:55.577+05:30  INFO 1916 --- [           main] org.flywaydb.core.FlywayExecutor         : Database: jdbc:h2:mem:propertydb (H2 2.2)
2026-05-24T20:37:55.768+05:30  INFO 1916 --- [           main] o.f.c.i.s.JdbcTableSchemaHistory         : Schema history table "PUBLIC"."flyway_schema_history" does not exist yet
2026-05-24T20:37:55.797+05:30  INFO 1916 --- [           main] o.f.core.internal.command.DbValidate     : Successfully validated 5 migrations (execution time 00:00.129s)
2026-05-24T20:37:55.864+05:30  INFO 1916 --- [           main] o.f.c.i.s.JdbcTableSchemaHistory         : Creating Schema History table "PUBLIC"."flyway_schema_history" ...
2026-05-24T20:37:56.033+05:30  INFO 1916 --- [           main] o.f.core.internal.command.DbMigrate      : Current version of schema "PUBLIC": << Empty Schema >>
2026-05-24T20:37:56.077+05:30  INFO 1916 --- [           main] o.f.core.internal.command.DbMigrate      : Migrating schema "PUBLIC" to version "1 - create property draft table"
2026-05-24T20:37:56.222+05:30  INFO 1916 --- [           main] o.f.core.internal.command.DbMigrate      : Migrating schema "PUBLIC" to version "2 - create normalized property tables"
2026-05-24T20:37:56.323+05:30  INFO 1916 --- [           main] o.f.core.internal.command.DbMigrate      : Migrating schema "PUBLIC" to version "3 - indexes"
2026-05-24T20:37:56.386+05:30  INFO 1916 --- [           main] o.f.core.internal.command.DbMigrate      : Migrating schema "PUBLIC" to version "4 - draft lifecycle and property details"
2026-05-24T20:37:56.643+05:30  INFO 1916 --- [           main] o.f.core.internal.command.DbMigrate      : Migrating schema "PUBLIC" to version "5 - wizard publish domain tables"
2026-05-24T20:37:56.791+05:30  INFO 1916 --- [           main] o.f.core.internal.command.DbMigrate      : Successfully applied 5 migrations to schema "PUBLIC", now at version v5 (execution time 00:00.465s)
2026-05-24T20:37:57.323+05:30  INFO 1916 --- [           main] o.hibernate.jpa.internal.util.LogHelper  : HHH000204: Processing PersistenceUnitInfo [name: default]
2026-05-24T20:37:57.718+05:30  INFO 1916 --- [           main] org.hibernate.Version                    : HHH000412: Hibernate ORM core version 6.5.2.Final
2026-05-24T20:37:57.980+05:30  INFO 1916 --- [           main] o.h.c.internal.RegionFactoryInitiator    : HHH000026: Second-level cache disabled
2026-05-24T20:37:58.852+05:30  INFO 1916 --- [           main] o.s.o.j.p.SpringPersistenceUnitInfo      : No LoadTimeWeaver setup: ignoring JPA class transformer
2026-05-24T20:38:04.715+05:30  INFO 1916 --- [           main] o.h.e.t.j.p.i.JtaPlatformInitiator       : HHH000489: No JTA platform available (set 'hibernate.transaction.jta.platform' to enable JTA platform integration)
2026-05-24T20:38:04.823+05:30  INFO 1916 --- [           main] j.LocalContainerEntityManagerFactoryBean : Initialized JPA EntityManagerFactory for persistence unit 'default'
2026-05-24T20:38:07.605+05:30  WARN 1916 --- [           main] JpaBaseConfiguration$JpaWebConfiguration : spring.jpa.open-in-view is enabled by default. Therefore, database queries may be performed during view rendering. Explicitly configure spring.jpa.open-in-view to disable this warning
2026-05-24T20:38:09.030+05:30  INFO 1916 --- [           main] c.p.p.PropertyServiceApplicationTests    : Started PropertyServiceApplicationTests in 20.755 seconds (process running for 28.718)
]]></system-out>
  </testcase>
</testsuite>